#! /c/Source/iverilog-install/bin/vvp
:ivl_version "12.0 (devel)" "(s20150603-1110-g18392a46)";
:ivl_delay_selection "TYPICAL";
:vpi_time_precision - 11;
:vpi_module "C:\iverilog\lib\ivl\system.vpi";
:vpi_module "C:\iverilog\lib\ivl\vhdl_sys.vpi";
:vpi_module "C:\iverilog\lib\ivl\vhdl_textio.vpi";
:vpi_module "C:\iverilog\lib\ivl\v2005_math.vpi";
:vpi_module "C:\iverilog\lib\ivl\va_math.vpi";
S_0000024d19cc7910 .scope module, "PE_tb" "PE_tb" 2 5;
 .timescale -9 -11;
v0000024d19ce5780_0 .var "CIM_en", 0 0;
v0000024d19ca2740 .array "GOLDEN_PSUM_MEM", 168 0, 13 0;
v0000024d19ca27e0 .array "GOLDEN_WEIGHT_OUT_MEM", 168 0, 3 0;
v0000024d19ca2880 .array "INPUT_ACT_IN_MEM", 168 0, 255 0;
v0000024d19d46790 .array "INPUT_CMD_MEM", 168 0, 2 0;
v0000024d19d47190 .array "INPUT_STD_A_MEM", 168 0, 5 0;
v0000024d19d47410 .array "INPUT_WEIGHT_IN_MEM", 168 0, 3 0;
v0000024d19d47230_0 .net "PSUM", 13 0, v0000024d19cccaf0_0;  1 drivers
v0000024d19d46970_0 .var "STDR", 0 0;
v0000024d19d475f0_0 .var "STDW", 0 0;
v0000024d19d46fb0_0 .var "STD_A", 5 0;
v0000024d19d47370_0 .var "act_in", 255 0;
v0000024d19d46e70_0 .var "clk", 0 0;
v0000024d19d47690_0 .var/i "err_num", 31 0;
v0000024d19d46b50_0 .var/i "i", 31 0;
v0000024d19d46a10_0 .var/i "j", 31 0;
v0000024d19d470f0_0 .var "weight_in", 3 0;
v0000024d19d47050_0 .net "weight_out", 3 0, v0000024d19ce56e0_0;  1 drivers
E_0000024d19ccd870 .event negedge, v0000024d19d46e70_0;
E_0000024d19ccd8b0 .event posedge, v0000024d19d46e70_0;
S_0000024d19cc7aa0 .scope module, "pe0" "PE" 2 42, 3 1 0, S_0000024d19cc7910;
 .timescale -9 -11;
    .port_info 0 /INPUT 1 "CIM_en";
    .port_info 1 /INPUT 1 "STDW";
    .port_info 2 /INPUT 1 "STDR";
    .port_info 3 /INPUT 6 "STD_A";
    .port_info 4 /INPUT 4 "weight_in";
    .port_info 5 /INPUT 256 "act_in";
    .port_info 6 /OUTPUT 4 "weight_out";
    .port_info 7 /OUTPUT 14 "PSUM";
v0000024d19cc7c30_0 .net "CIM_en", 0 0, v0000024d19ce5780_0;  1 drivers
v0000024d19cccaf0_0 .var "PSUM", 13 0;
v0000024d19c8bd40_0 .net "STDR", 0 0, v0000024d19d46970_0;  1 drivers
v0000024d19c8bde0_0 .net "STDW", 0 0, v0000024d19d475f0_0;  1 drivers
v0000024d19cd46f0_0 .net "STD_A", 5 0, v0000024d19d46fb0_0;  1 drivers
v0000024d19cd4790_0 .net "act_in", 255 0, v0000024d19d47370_0;  1 drivers
v0000024d19cd4830_0 .var/i "i", 31 0;
v0000024d19ce5390 .array "weight", 63 0, 3 0;
v0000024d19ce5640_0 .net "weight_in", 3 0, v0000024d19d470f0_0;  1 drivers
v0000024d19ce56e0_0 .var "weight_out", 3 0;
E_0000024d19ccd9f0/0 .event anyedge, v0000024d19c8bde0_0, v0000024d19ce5640_0, v0000024d19cd46f0_0, v0000024d19c8bd40_0;
v0000024d19ce5390_0 .array/port v0000024d19ce5390, 0;
v0000024d19ce5390_1 .array/port v0000024d19ce5390, 1;
v0000024d19ce5390_2 .array/port v0000024d19ce5390, 2;
v0000024d19ce5390_3 .array/port v0000024d19ce5390, 3;
E_0000024d19ccd9f0/1 .event anyedge, v0000024d19ce5390_0, v0000024d19ce5390_1, v0000024d19ce5390_2, v0000024d19ce5390_3;
v0000024d19ce5390_4 .array/port v0000024d19ce5390, 4;
v0000024d19ce5390_5 .array/port v0000024d19ce5390, 5;
v0000024d19ce5390_6 .array/port v0000024d19ce5390, 6;
v0000024d19ce5390_7 .array/port v0000024d19ce5390, 7;
E_0000024d19ccd9f0/2 .event anyedge, v0000024d19ce5390_4, v0000024d19ce5390_5, v0000024d19ce5390_6, v0000024d19ce5390_7;
v0000024d19ce5390_8 .array/port v0000024d19ce5390, 8;
v0000024d19ce5390_9 .array/port v0000024d19ce5390, 9;
v0000024d19ce5390_10 .array/port v0000024d19ce5390, 10;
v0000024d19ce5390_11 .array/port v0000024d19ce5390, 11;
E_0000024d19ccd9f0/3 .event anyedge, v0000024d19ce5390_8, v0000024d19ce5390_9, v0000024d19ce5390_10, v0000024d19ce5390_11;
v0000024d19ce5390_12 .array/port v0000024d19ce5390, 12;
v0000024d19ce5390_13 .array/port v0000024d19ce5390, 13;
v0000024d19ce5390_14 .array/port v0000024d19ce5390, 14;
v0000024d19ce5390_15 .array/port v0000024d19ce5390, 15;
E_0000024d19ccd9f0/4 .event anyedge, v0000024d19ce5390_12, v0000024d19ce5390_13, v0000024d19ce5390_14, v0000024d19ce5390_15;
v0000024d19ce5390_16 .array/port v0000024d19ce5390, 16;
v0000024d19ce5390_17 .array/port v0000024d19ce5390, 17;
v0000024d19ce5390_18 .array/port v0000024d19ce5390, 18;
v0000024d19ce5390_19 .array/port v0000024d19ce5390, 19;
E_0000024d19ccd9f0/5 .event anyedge, v0000024d19ce5390_16, v0000024d19ce5390_17, v0000024d19ce5390_18, v0000024d19ce5390_19;
v0000024d19ce5390_20 .array/port v0000024d19ce5390, 20;
v0000024d19ce5390_21 .array/port v0000024d19ce5390, 21;
v0000024d19ce5390_22 .array/port v0000024d19ce5390, 22;
v0000024d19ce5390_23 .array/port v0000024d19ce5390, 23;
E_0000024d19ccd9f0/6 .event anyedge, v0000024d19ce5390_20, v0000024d19ce5390_21, v0000024d19ce5390_22, v0000024d19ce5390_23;
v0000024d19ce5390_24 .array/port v0000024d19ce5390, 24;
v0000024d19ce5390_25 .array/port v0000024d19ce5390, 25;
v0000024d19ce5390_26 .array/port v0000024d19ce5390, 26;
v0000024d19ce5390_27 .array/port v0000024d19ce5390, 27;
E_0000024d19ccd9f0/7 .event anyedge, v0000024d19ce5390_24, v0000024d19ce5390_25, v0000024d19ce5390_26, v0000024d19ce5390_27;
v0000024d19ce5390_28 .array/port v0000024d19ce5390, 28;
v0000024d19ce5390_29 .array/port v0000024d19ce5390, 29;
v0000024d19ce5390_30 .array/port v0000024d19ce5390, 30;
v0000024d19ce5390_31 .array/port v0000024d19ce5390, 31;
E_0000024d19ccd9f0/8 .event anyedge, v0000024d19ce5390_28, v0000024d19ce5390_29, v0000024d19ce5390_30, v0000024d19ce5390_31;
v0000024d19ce5390_32 .array/port v0000024d19ce5390, 32;
v0000024d19ce5390_33 .array/port v0000024d19ce5390, 33;
v0000024d19ce5390_34 .array/port v0000024d19ce5390, 34;
v0000024d19ce5390_35 .array/port v0000024d19ce5390, 35;
E_0000024d19ccd9f0/9 .event anyedge, v0000024d19ce5390_32, v0000024d19ce5390_33, v0000024d19ce5390_34, v0000024d19ce5390_35;
v0000024d19ce5390_36 .array/port v0000024d19ce5390, 36;
v0000024d19ce5390_37 .array/port v0000024d19ce5390, 37;
v0000024d19ce5390_38 .array/port v0000024d19ce5390, 38;
v0000024d19ce5390_39 .array/port v0000024d19ce5390, 39;
E_0000024d19ccd9f0/10 .event anyedge, v0000024d19ce5390_36, v0000024d19ce5390_37, v0000024d19ce5390_38, v0000024d19ce5390_39;
v0000024d19ce5390_40 .array/port v0000024d19ce5390, 40;
v0000024d19ce5390_41 .array/port v0000024d19ce5390, 41;
v0000024d19ce5390_42 .array/port v0000024d19ce5390, 42;
v0000024d19ce5390_43 .array/port v0000024d19ce5390, 43;
E_0000024d19ccd9f0/11 .event anyedge, v0000024d19ce5390_40, v0000024d19ce5390_41, v0000024d19ce5390_42, v0000024d19ce5390_43;
v0000024d19ce5390_44 .array/port v0000024d19ce5390, 44;
v0000024d19ce5390_45 .array/port v0000024d19ce5390, 45;
v0000024d19ce5390_46 .array/port v0000024d19ce5390, 46;
v0000024d19ce5390_47 .array/port v0000024d19ce5390, 47;
E_0000024d19ccd9f0/12 .event anyedge, v0000024d19ce5390_44, v0000024d19ce5390_45, v0000024d19ce5390_46, v0000024d19ce5390_47;
v0000024d19ce5390_48 .array/port v0000024d19ce5390, 48;
v0000024d19ce5390_49 .array/port v0000024d19ce5390, 49;
v0000024d19ce5390_50 .array/port v0000024d19ce5390, 50;
v0000024d19ce5390_51 .array/port v0000024d19ce5390, 51;
E_0000024d19ccd9f0/13 .event anyedge, v0000024d19ce5390_48, v0000024d19ce5390_49, v0000024d19ce5390_50, v0000024d19ce5390_51;
v0000024d19ce5390_52 .array/port v0000024d19ce5390, 52;
v0000024d19ce5390_53 .array/port v0000024d19ce5390, 53;
v0000024d19ce5390_54 .array/port v0000024d19ce5390, 54;
v0000024d19ce5390_55 .array/port v0000024d19ce5390, 55;
E_0000024d19ccd9f0/14 .event anyedge, v0000024d19ce5390_52, v0000024d19ce5390_53, v0000024d19ce5390_54, v0000024d19ce5390_55;
v0000024d19ce5390_56 .array/port v0000024d19ce5390, 56;
v0000024d19ce5390_57 .array/port v0000024d19ce5390, 57;
v0000024d19ce5390_58 .array/port v0000024d19ce5390, 58;
v0000024d19ce5390_59 .array/port v0000024d19ce5390, 59;
E_0000024d19ccd9f0/15 .event anyedge, v0000024d19ce5390_56, v0000024d19ce5390_57, v0000024d19ce5390_58, v0000024d19ce5390_59;
v0000024d19ce5390_60 .array/port v0000024d19ce5390, 60;
v0000024d19ce5390_61 .array/port v0000024d19ce5390, 61;
v0000024d19ce5390_62 .array/port v0000024d19ce5390, 62;
v0000024d19ce5390_63 .array/port v0000024d19ce5390, 63;
E_0000024d19ccd9f0/16 .event anyedge, v0000024d19ce5390_60, v0000024d19ce5390_61, v0000024d19ce5390_62, v0000024d19ce5390_63;
E_0000024d19ccd9f0/17 .event anyedge, v0000024d19cc7c30_0, v0000024d19cccaf0_0, v0000024d19cd4790_0;
E_0000024d19ccd9f0 .event/or E_0000024d19ccd9f0/0, E_0000024d19ccd9f0/1, E_0000024d19ccd9f0/2, E_0000024d19ccd9f0/3, E_0000024d19ccd9f0/4, E_0000024d19ccd9f0/5, E_0000024d19ccd9f0/6, E_0000024d19ccd9f0/7, E_0000024d19ccd9f0/8, E_0000024d19ccd9f0/9, E_0000024d19ccd9f0/10, E_0000024d19ccd9f0/11, E_0000024d19ccd9f0/12, E_0000024d19ccd9f0/13, E_0000024d19ccd9f0/14, E_0000024d19ccd9f0/15, E_0000024d19ccd9f0/16, E_0000024d19ccd9f0/17;
    .scope S_0000024d19cc7aa0;
T_0 ;
    %wait E_0000024d19ccd9f0;
    %pushi/vec4 0, 0, 4;
    %store/vec4 v0000024d19ce56e0_0, 0, 4;
    %pushi/vec4 0, 0, 14;
    %store/vec4 v0000024d19cccaf0_0, 0, 14;
    %load/vec4 v0000024d19c8bde0_0;
    %flag_set/vec4 8;
    %jmp/0xz  T_0.0, 8;
    %load/vec4 v0000024d19ce5640_0;
    %load/vec4 v0000024d19cd46f0_0;
    %pad/u 8;
    %ix/vec4 4;
    %store/vec4a v0000024d19ce5390, 4, 0;
    %jmp T_0.1;
T_0.0 ;
    %load/vec4 v0000024d19c8bd40_0;
    %flag_set/vec4 8;
    %jmp/0xz  T_0.2, 8;
    %load/vec4 v0000024d19cd46f0_0;
    %pad/u 8;
    %ix/vec4 4;
    %load/vec4a v0000024d19ce5390, 4;
    %store/vec4 v0000024d19ce56e0_0, 0, 4;
    %jmp T_0.3;
T_0.2 ;
    %load/vec4 v0000024d19cc7c30_0;
    %flag_set/vec4 8;
    %jmp/0xz  T_0.4, 8;
    %pushi/vec4 0, 0, 32;
    %store/vec4 v0000024d19cd4830_0, 0, 32;
T_0.6 ;
    %load/vec4 v0000024d19cd4830_0;
    %cmpi/s 64, 0, 32;
    %jmp/0xz T_0.7, 5;
    %load/vec4 v0000024d19cccaf0_0;
    %ix/getv/s 4, v0000024d19cd4830_0;
    %load/vec4a v0000024d19ce5390, 4;
    %pad/u 14;
    %load/vec4 v0000024d19cd4790_0;
    %load/vec4 v0000024d19cd4830_0;
    %muli 4, 0, 32;
    %addi 3, 0, 32;
    %pad/s 34;
    %subi 3, 0, 34;
    %part/s 4;
    %pad/u 14;
    %mul;
    %add;
    %store/vec4 v0000024d19cccaf0_0, 0, 14;
    %load/vec4 v0000024d19cd4830_0;
    %addi 1, 0, 32;
    %store/vec4 v0000024d19cd4830_0, 0, 32;
    %jmp T_0.6;
T_0.7 ;
T_0.4 ;
T_0.3 ;
T_0.1 ;
    %jmp T_0;
    .thread T_0, $push;
    .scope S_0000024d19cc7910;
T_1 ;
    %pushi/vec4 1, 0, 1;
    %store/vec4 v0000024d19d46e70_0, 0, 1;
    %pushi/vec4 0, 0, 32;
    %store/vec4 v0000024d19d47690_0, 0, 32;
    %end;
    .thread T_1;
    .scope S_0000024d19cc7910;
T_2 ;
    %delay 500, 0;
    %load/vec4 v0000024d19d46e70_0;
    %inv;
    %store/vec4 v0000024d19d46e70_0, 0, 1;
    %jmp T_2;
    .thread T_2;
    .scope S_0000024d19cc7910;
T_3 ;
    %vpi_call 2 15 "$dumpfile", "PE.vcd" {0 0 0};
    %vpi_call 2 16 "$dumpvars", 32'sb00000000000000000000000000000000, S_0000024d19cc7aa0 {0 0 0};
    %end;
    .thread T_3;
    .scope S_0000024d19cc7910;
T_4 ;
    %delay 10000000, 0;
    %vpi_call 2 27 "$display", "\012\033[1;31m=============================================" {0 0 0};
    %vpi_call 2 28 "$display", "           Simulation Time Out!      " {0 0 0};
    %vpi_call 2 29 "$display", "=============================================\033[0m" {0 0 0};
    %vpi_call 2 30 "$finish" {0 0 0};
    %end;
    .thread T_4;
    .scope S_0000024d19cc7910;
T_5 ;
    %vpi_call 2 62 "$readmemb", "pattern/PE_pattern/command.dat", v0000024d19d46790 {0 0 0};
    %vpi_call 2 63 "$readmemb", "pattern/PE_pattern/STD_A.dat", v0000024d19d47190 {0 0 0};
    %vpi_call 2 64 "$readmemb", "pattern/PE_pattern/weight_in.dat", v0000024d19d47410 {0 0 0};
    %vpi_call 2 65 "$readmemb", "pattern/PE_pattern/act_in.dat", v0000024d19ca2880 {0 0 0};
    %vpi_call 2 66 "$readmemb", "pattern/PE_pattern/weight_out.dat", v0000024d19ca27e0 {0 0 0};
    %vpi_call 2 67 "$readmemb", "pattern/PE_pattern/PSUM.dat", v0000024d19ca2740 {0 0 0};
    %end;
    .thread T_5;
    .scope S_0000024d19cc7910;
T_6 ;
    %pushi/vec4 0, 0, 32;
    %store/vec4 v0000024d19d46b50_0, 0, 32;
T_6.0 ;
    %load/vec4 v0000024d19d46b50_0;
    %cmpi/s 10, 0, 32;
    %jmp/0xz T_6.1, 5;
    %wait E_0000024d19ccd8b0;
    %load/vec4 v0000024d19d46b50_0;
    %addi 1, 0, 32;
    %store/vec4 v0000024d19d46b50_0, 0, 32;
    %jmp T_6.0;
T_6.1 ;
    %pushi/vec4 0, 0, 32;
    %store/vec4 v0000024d19d46b50_0, 0, 32;
T_6.2 ;
    %load/vec4 v0000024d19d46b50_0;
    %cmpi/s 169, 0, 32;
    %jmp/0xz T_6.3, 5;
    %ix/getv/s 4, v0000024d19d46b50_0;
    %load/vec4a v0000024d19d46790, 4;
    %parti/s 1, 2, 3;
    %store/vec4 v0000024d19ce5780_0, 0, 1;
    %ix/getv/s 4, v0000024d19d46b50_0;
    %load/vec4a v0000024d19d46790, 4;
    %parti/s 1, 1, 2;
    %store/vec4 v0000024d19d475f0_0, 0, 1;
    %ix/getv/s 4, v0000024d19d46b50_0;
    %load/vec4a v0000024d19d46790, 4;
    %parti/s 1, 0, 2;
    %store/vec4 v0000024d19d46970_0, 0, 1;
    %ix/getv/s 4, v0000024d19d46b50_0;
    %load/vec4a v0000024d19d47190, 4;
    %store/vec4 v0000024d19d46fb0_0, 0, 6;
    %ix/getv/s 4, v0000024d19d46b50_0;
    %load/vec4a v0000024d19d47410, 4;
    %store/vec4 v0000024d19d470f0_0, 0, 4;
    %ix/getv/s 4, v0000024d19d46b50_0;
    %load/vec4a v0000024d19ca2880, 4;
    %store/vec4 v0000024d19d47370_0, 0, 256;
    %wait E_0000024d19ccd8b0;
    %load/vec4 v0000024d19d46b50_0;
    %addi 1, 0, 32;
    %store/vec4 v0000024d19d46b50_0, 0, 32;
    %jmp T_6.2;
T_6.3 ;
    %pushi/vec4 1, 1, 1;
    %store/vec4 v0000024d19ce5780_0, 0, 1;
    %pushi/vec4 1, 1, 1;
    %store/vec4 v0000024d19d475f0_0, 0, 1;
    %pushi/vec4 1, 1, 1;
    %store/vec4 v0000024d19d46970_0, 0, 1;
    %pushi/vec4 63, 63, 6;
    %store/vec4 v0000024d19d46fb0_0, 0, 6;
    %pushi/vec4 15, 15, 4;
    %store/vec4 v0000024d19d470f0_0, 0, 4;
    %pushi/vec4 4294967295, 4294967295, 32;
    %concati/vec4 4294967295, 4294967295, 32;
    %concati/vec4 4294967295, 4294967295, 32;
    %concati/vec4 4294967295, 4294967295, 32;
    %concati/vec4 4294967295, 4294967295, 32;
    %concati/vec4 4294967295, 4294967295, 32;
    %concati/vec4 4294967295, 4294967295, 32;
    %concati/vec4 4294967295, 4294967295, 32;
    %store/vec4 v0000024d19d47370_0, 0, 256;
    %end;
    .thread T_6;
    .scope S_0000024d19cc7910;
T_7 ;
    %pushi/vec4 0, 0, 32;
    %store/vec4 v0000024d19d46a10_0, 0, 32;
T_7.0 ;
    %load/vec4 v0000024d19d46a10_0;
    %cmpi/s 11, 0, 32;
    %jmp/0xz T_7.1, 5;
    %wait E_0000024d19ccd870;
    %load/vec4 v0000024d19d46a10_0;
    %addi 1, 0, 32;
    %store/vec4 v0000024d19d46a10_0, 0, 32;
    %jmp T_7.0;
T_7.1 ;
    %pushi/vec4 0, 0, 32;
    %store/vec4 v0000024d19d46a10_0, 0, 32;
T_7.2 ;
    %load/vec4 v0000024d19d46a10_0;
    %cmpi/s 169, 0, 32;
    %jmp/0xz T_7.3, 5;
    %ix/getv/s 4, v0000024d19d46a10_0;
    %load/vec4a v0000024d19ca27e0, 4;
    %load/vec4 v0000024d19d47050_0;
    %cmp/e;
    %flag_get/vec4 6;
    %load/vec4 v0000024d19d47050_0;
    %pushi/vec4 15, 15, 4;
    %cmp/ne;
    %flag_get/vec4 6;
    %and;
    %ix/getv/s 4, v0000024d19d46a10_0;
    %load/vec4a v0000024d19ca2740, 4;
    %load/vec4 v0000024d19d47230_0;
    %cmp/e;
    %flag_get/vec4 6;
    %and;
    %load/vec4 v0000024d19d47230_0;
    %pushi/vec4 16383, 16383, 14;
    %cmp/ne;
    %flag_get/vec4 6;
    %and;
    %flag_set/vec4 8;
    %jmp/0xz  T_7.4, 8;
    %vpi_call 2 103 "$display", "\033[1;92mPattern %3d passed. / Output weight_out: %4d / Golden weight_out: %4d / Output PSUM: %5d / Golden PSUM: %5d\033[0m", v0000024d19d46a10_0, v0000024d19d47050_0, v0000024d19ca27e0, v0000024d19d47230_0, v0000024d19ca2740 {0 0 0};
    %jmp T_7.5;
T_7.4 ;
    %vpi_call 2 106 "$display", "\033[1;31mPattern %3d failed. / Output weight_out: %4d / Golden weight_out: %4d / Output PSUM: %5d / Golden PSUM: %5d\033[0m", v0000024d19d46a10_0, v0000024d19d47050_0, v0000024d19ca27e0, v0000024d19d47230_0, v0000024d19ca2740 {0 0 0};
    %load/vec4 v0000024d19d47690_0;
    %addi 1, 0, 32;
    %store/vec4 v0000024d19d47690_0, 0, 32;
T_7.5 ;
    %load/vec4 v0000024d19d46a10_0;
    %addi 1, 0, 32;
    %store/vec4 v0000024d19d46a10_0, 0, 32;
    %jmp T_7.2;
T_7.3 ;
    %load/vec4 v0000024d19d47690_0;
    %cmpi/ne 0, 0, 32;
    %jmp/0xz  T_7.6, 4;
    %vpi_call 2 112 "$display", "\012\033[1;31m=============================================" {0 0 0};
    %vpi_call 2 113 "$display", "              Simulation failed              " {0 0 0};
    %vpi_call 2 114 "$display", "=============================================\033[0m" {0 0 0};
    %jmp T_7.7;
T_7.6 ;
    %vpi_call 2 117 "$display", "\012\033[1;92m=============================================" {0 0 0};
    %vpi_call 2 118 "$display", "              Simulation passed              " {0 0 0};
    %vpi_call 2 119 "$display", "=============================================\033[0m" {0 0 0};
T_7.7 ;
    %vpi_call 2 122 "$finish" {0 0 0};
    %end;
    .thread T_7;
# The file index is used to find the file name in the following table.
:file_names 4;
    "N/A";
    "<interactive>";
    ".\PE_tb.v";
    ".\PE.v";
